2025-09-19 09:17:44 error: /api/getQueryFile: fileName: [object Object]
2025-09-19 09:17:44 error: /api/getQueryFile: fileFullPath: /Users/giangngo/Projects/pos-system-api/ftp-json/[object Object]
2025-09-19 09:18:14 error: /api/getQueryFile: fileName: [object Object]
2025-09-19 09:18:14 error: /api/getQueryFile: fileFullPath: /Users/giangngo/Projects/pos-system-api/ftp-json/[object Object]
2025-09-19 09:18:23 error: /api/getQueryFile: fileName: [object Object]
2025-09-19 09:18:23 error: /api/getQueryFile: fileFullPath: /Users/giangngo/Projects/pos-system-api/ftp-json/[object Object]
2025-09-19 09:19:05 error: /api/getQueryFile: fileName: [object Object]
2025-09-19 09:19:05 error: /api/getQueryFile: fileFullPath: /Users/giangngo/Projects/pos-system-api/ftp-json/[object Object]
2025-09-19 09:20:34 error: /api/getQueryFile: fileName: [object Object]
2025-09-19 09:20:34 error: /api/getQueryFile: fileFullPath: /Users/giangngo/Projects/pos-system-api/ftp-json/[object Object]
2025-09-19 09:20:40 error: /api/getQueryFile: fileName: [object Object]
2025-09-19 09:20:40 error: /api/getQueryFile: fileFullPath: /Users/giangngo/Projects/pos-system-api/ftp-json/[object Object]
2025-09-19 09:20:46 error: /api/getQueryFile: fileName: [object Object]
2025-09-19 09:20:46 error: /api/getQueryFile: fileFullPath: /Users/giangngo/Projects/pos-system-api/ftp-json/[object Object]
2025-09-19 09:20:49 error: /api/getQueryFile: fileName: [object Object]
2025-09-19 09:20:49 error: /api/getQueryFile: fileFullPath: /Users/giangngo/Projects/pos-system-api/ftp-json/[object Object]
2025-09-19 09:21:29 error: /api/getQueryFile: fileName: together_M000000872.json
2025-09-19 09:21:29 error: /api/getQueryFile: fileFullPath: /Users/giangngo/Projects/pos-system-api/ftp-json/together_M000000872.json
2025-09-19 09:21:58 error: /api/getQueryFile: fileName: together_M000000872.json
2025-09-19 09:21:58 error: /api/getQueryFile: fileFullPath: /Users/giangngo/Projects/pos-system-api/ftp-json/together_M000000872.json
2025-09-19 09:23:25 error: /api/getQueryFile: fileName: together_M000000872.json
2025-09-19 09:23:25 error: /api/getQueryFile: fileFullPath: /Users/giangngo/Projects/pos-system-api/ftp-json/together_M000000872.json
2025-09-19 09:24:06 error: /api/getQueryFile: fileName: together_M000000872.json
2025-09-19 09:24:06 error: /api/getQueryFile: fileFullPath: /Users/giangngo/Projects/pos-system-api/ftp-json/together_M000000872.json
2025-09-19 09:24:08 error: /api/getQueryFile: fileName: together_M000000872.json
2025-09-19 09:24:08 error: /api/getQueryFile: fileFullPath: /Users/giangngo/Projects/pos-system-api/ftp-json/together_M000000872.json
2025-09-19 09:24:11 error: /api/getQueryFile: fileName: together_M000000872.json
2025-09-19 09:24:11 error: /api/getQueryFile: fileFullPath: /Users/giangngo/Projects/pos-system-api/ftp-json/together_M000000872.json
2025-09-19 09:24:22 error: /api/getQueryFile: fileName: 
2025-09-19 09:24:25 error: /api/getQueryFile: fileName: together_M000000872.json
2025-09-19 09:24:25 error: /api/getQueryFile: fileFullPath: /Users/giangngo/Projects/pos-system-api/ftp-json/together_M000000872.json
2025-09-19 09:24:38 error: /api/getQueryFile: fileName: together_M000000872.json
2025-09-19 09:24:38 error: /api/getQueryFile: fileFullPath: /Users/giangngo/Projects/pos-system-api/ftp-json/together_M000000872.json
2025-09-19 09:30:07 error: /api/getQueryFile: fileName: together_M000000872.json
2025-09-19 09:30:07 error: /api/getQueryFile: fileFullPath: /Users/giangngo/Projects/pos-system-api/ftp-json/together_M000000872.json
2025-09-19 09:31:36 error: /api/getQueryFile: fileName: together_M000000872.json
2025-09-19 09:31:36 error: /api/getQueryFile: fileFullPath: /Users/giangngo/Projects/pos-system-api/ftp-json/together_M000000872.json
2025-09-19 09:32:03 error: /api/getQueryFile: fileName: together_M000000872.json
2025-09-19 09:32:03 error: /api/getQueryFile: fileFullPath: /Users/giangngo/Projects/pos-system-api/ftp-json/together_M000000872.json
2025-09-19 09:32:12 error: /api/getQueryFile: fileName: together_M000000872.json
2025-09-19 09:32:12 error: /api/getQueryFile: fileFullPath: /Users/giangngo/Projects/pos-system-api/ftp-json/together_M000000872.json
2025-09-19 09:32:15 error: /api/getQueryFile: fileName: together_M000000872.json
2025-09-19 09:32:15 error: /api/getQueryFile: fileFullPath: /Users/giangngo/Projects/pos-system-api/ftp-json/together_M000000872.json
2025-09-19 09:32:40 error: /api/getQueryFile: fileName: together_M000000872.json
2025-09-19 09:32:40 error: /api/getQueryFile: fileFullPath: /Users/giangngo/Projects/pos-system-api/ftp-json/together_M000000872.json
2025-09-19 11:33:13 error: /api/syncProduct: {}
2025-09-19 11:33:24 error: /api/syncProduct: {}
2025-09-19 11:33:36 error: /api/syncProduct: {}
2025-09-19 11:33:49 error: /api/syncProduct: {}
2025-09-19 11:34:16 error: /api/sendLogFile: {}
